11-07-2022 16:42:31 : Video with order id: 1 is finish preview watermark proccess

------------------------------

11-07-2022 16:42:19 : Video with order id: 1 is starting preview watermark proccess

------------------------------

11-07-2022 16:42:19 : Video with order id: 1 is finish watermark proccess

------------------------------

11-07-2022 16:42:05 : Video with order id: 1 is starting watermark proccess

------------------------------

11-07-2022 16:41:18 : Video with order id: 1 is finish preview watermark proccess

------------------------------

11-07-2022 16:41:07 : Video with order id: 1 is starting preview watermark proccess

------------------------------

11-07-2022 16:41:07 : Video with order id: 1 is finish watermark proccess

------------------------------

11-07-2022 16:40:55 : Video with order id: 1 is starting watermark proccess

------------------------------

11-07-2022 16:38:34 : Video with order id: 6 is finish preview watermark proccess

------------------------------

11-07-2022 16:38:22 : Video with order id: 6 is starting preview watermark proccess

------------------------------

11-07-2022 16:38:22 : Video with order id: 6 is finish watermark proccess

------------------------------

11-07-2022 16:38:11 : Video with order id: 6 is starting watermark proccess

------------------------------

11-07-2022 16:38:11 : Video with order id: 5 is finish preview watermark proccess

------------------------------

11-07-2022 16:37:59 : Video with order id: 5 is starting preview watermark proccess

------------------------------

11-07-2022 16:37:58 : Video with order id: 5 is finish watermark proccess

------------------------------

11-07-2022 16:37:42 : Video with order id: 5 is starting watermark proccess

------------------------------

11-07-2022 16:33:48 : Video with order id: 4 is finish preview watermark proccess

------------------------------

11-07-2022 16:33:35 : Video with order id: 4 is starting preview watermark proccess

------------------------------

11-07-2022 16:33:35 : Video with order id: 4 is finish watermark proccess

------------------------------

11-07-2022 16:33:20 : Video with order id: 4 is starting watermark proccess

------------------------------
